<?xml version="1.0" encoding="UTF-8" ?>
<testsuite failures="0" time="1.967" errors="0" skipped="0" tests="9" name="com.codetest.spring.service.SalesServiceImplTest">
  <properties>
    <property name="java.runtime.name" value="Java(TM) SE Runtime Environment"/>
    <property name="sun.boot.library.path" value="C:\Program Files (x86)\Java\jdk1.7.0_04\jre\bin"/>
    <property name="java.vm.version" value="23.0-b21"/>
    <property name="java.vm.vendor" value="Oracle Corporation"/>
    <property name="java.vendor.url" value="http://java.oracle.com/"/>
    <property name="path.separator" value=";"/>
    <property name="guice.disable.misplaced.annotation.check" value="true"/>
    <property name="java.vm.name" value="Java HotSpot(TM) Client VM"/>
    <property name="file.encoding.pkg" value="sun.io"/>
    <property name="user.script" value=""/>
    <property name="user.country" value="US"/>
    <property name="sun.java.launcher" value="SUN_STANDARD"/>
    <property name="sun.os.patch.level" value=""/>
    <property name="java.vm.specification.name" value="Java Virtual Machine Specification"/>
    <property name="user.dir" value="C:\ASSIGNMENT\SpringRestExample"/>
    <property name="java.runtime.version" value="1.7.0_04-b20"/>
    <property name="java.awt.graphicsenv" value="sun.awt.Win32GraphicsEnvironment"/>
    <property name="java.endorsed.dirs" value="C:\Program Files (x86)\Java\jdk1.7.0_04\jre\lib\endorsed"/>
    <property name="os.arch" value="x86"/>
    <property name="java.io.tmpdir" value="C:\Users\shetsand\AppData\Local\Temp\"/>
    <property name="line.separator" value="
"/>
    <property name="java.vm.specification.vendor" value="Oracle Corporation"/>
    <property name="user.variant" value=""/>
    <property name="os.name" value="Windows NT (unknown)"/>
    <property name="classworlds.conf" value="C:\D\GIT_DEV_ENV\WORKSPACE_JavaCodingTest\.metadata\.plugins\org.eclipse.m2e.core\launches\m2conf3969156555561867800.tmp"/>
    <property name="sun.jnu.encoding" value="Cp1252"/>
    <property name="java.library.path" value="C:\Program Files (x86)\Java\jdk1.7.0_04\bin;C:\WINDOWS\Sun\Java\bin;C:\WINDOWS\system32;C:\WINDOWS;C:/Program Files (x86)/Java/jre1.8.0_131/bin/client;C:/Program Files (x86)/Java/jre1.8.0_131/bin;C:/Program Files (x86)/Java/jre1.8.0_131/lib/i386;C:/Program Files (x86)/Java/jre1.8.0_131/bin/client;C:/Program Files (x86)/Java/jre1.8.0_131/bin;C:/Program Files (x86)/Java/jre1.8.0_131/lib/i386;C:\Oracle\Win32\product\11.2.0\client_2\bin;C:\Oracle\Win32\product\11.2.0\client_1\bin;C:\ProgramData\Oracle\Java\javapath;C:\Program Files\RA2HP\;C:\WINDOWS\system32;C:\WINDOWS;C:\WINDOWS\System32\Wbem;C:\WINDOWS\System32\WindowsPowerShell\v1.0\;C:\Program Files\WIDCOMM\Bluetooth Software\;C:\Program Files\WIDCOMM\Bluetooth Software\syswow64;C:\Program Files\MySQL\MySQL Server 5.5\bin;C:\Program Files\TortoiseSVN\bin;C:\D\CodeBase\DMMT_tools\apache-maven-3.0.5\bin;C:\Program Files\TortoiseGit\bin;C:\Program Files (x86)\The Open Group\WMI Mapper\bin;%PTHON_HOME%;C:\Users\shetsand\AppData\Local\Programs\Python\Python35-32\Scripts;C:\SSMC_TOOLS\zulu8.20.0.5-jdk8.0.121-win_x64\bin;C:\Program Files (x86)\Git\bin;C:\ProgramData\Hewlett-Packard\PC COE\VSC\Drivers\;C:\WINDOWS\System32\WindowsPowerShell\v1.0\;C:\SSMC_TOOLS\apache-ant-1.10.1-bin\bin;C:\Program Files (x86)\Hewlett-Packard\HP Records Manager\;C:\SSMC_TOOLS\zulu8.20.0.5-jdk8.0.121-win_x64\bin;C:\Program Files (x86)\Git\bin;C:\ProgramData\Hewlett-Packard\PC COE\VSC\Drivers\;C:\Users\shetsand\AppData\Local\Microsoft\WindowsApps;C:\SSMC_TOOLS\apache-ant-1.10.1-bin\bin;C:\D\GIT_DEV_ENV\eclipse-jee-juno-SR2-win32-JavaCodingTest\eclipse;;C:\Users\shetsand\.m2;;."/>
    <property name="java.specification.name" value="Java Platform API Specification"/>
    <property name="java.class.version" value="51.0"/>
    <property name="sun.management.compiler" value="HotSpot Client Compiler"/>
    <property name="os.version" value="6.2"/>
    <property name="user.home" value="C:\Users\shetsand"/>
    <property name="user.timezone" value="Asia/Calcutta"/>
    <property name="java.awt.printerjob" value="sun.awt.windows.WPrinterJob"/>
    <property name="java.specification.version" value="1.7"/>
    <property name="file.encoding" value="Cp1252"/>
    <property name="user.name" value="shetsand"/>
    <property name="java.class.path" value="C:\D\GIT_DEV_ENV\CODEBASE_JavaCodingTest\Tools\apache-maven-3.0.5\boot\plexus-classworlds-2.4.jar"/>
    <property name="java.vm.specification.version" value="1.7"/>
    <property name="sun.arch.data.model" value="32"/>
    <property name="java.home" value="C:\Program Files (x86)\Java\jdk1.7.0_04\jre"/>
    <property name="sun.java.command" value="org.codehaus.plexus.classworlds.launcher.Launcher -B -s C:\D\GIT_DEV_ENV\CODEBASE_JavaCodingTest\Tools\apache-maven-3.0.5\conf\settings.xml install"/>
    <property name="java.specification.vendor" value="Oracle Corporation"/>
    <property name="user.language" value="en"/>
    <property name="awt.toolkit" value="sun.awt.windows.WToolkit"/>
    <property name="java.vm.info" value="mixed mode, sharing"/>
    <property name="java.version" value="1.7.0_04"/>
    <property name="java.ext.dirs" value="C:\Program Files (x86)\Java\jdk1.7.0_04\jre\lib\ext;C:\WINDOWS\Sun\Java\lib\ext"/>
    <property name="sun.boot.class.path" value="C:\Program Files (x86)\Java\jdk1.7.0_04\jre\lib\resources.jar;C:\Program Files (x86)\Java\jdk1.7.0_04\jre\lib\rt.jar;C:\Program Files (x86)\Java\jdk1.7.0_04\jre\lib\sunrsasign.jar;C:\Program Files (x86)\Java\jdk1.7.0_04\jre\lib\jsse.jar;C:\Program Files (x86)\Java\jdk1.7.0_04\jre\lib\jce.jar;C:\Program Files (x86)\Java\jdk1.7.0_04\jre\lib\charsets.jar;C:\Program Files (x86)\Java\jdk1.7.0_04\jre\lib\jfr.jar;C:\Program Files (x86)\Java\jdk1.7.0_04\jre\classes"/>
    <property name="java.vendor" value="Oracle Corporation"/>
    <property name="maven.home" value="C:\D\GIT_DEV_ENV\CODEBASE_JavaCodingTest\Tools\apache-maven-3.0.5"/>
    <property name="file.separator" value="\"/>
    <property name="java.vendor.url.bug" value="http://bugreport.sun.com/bugreport/"/>
    <property name="sun.cpu.endian" value="little"/>
    <property name="sun.io.unicode.encoding" value="UnicodeLittle"/>
    <property name="sun.desktop" value="windows"/>
    <property name="sun.cpu.isalist" value="pentium_pro+mmx pentium_pro pentium+mmx pentium i486 i386 i86"/>
  </properties>
  <testcase time="0.972" classname="com.codetest.spring.service.SalesServiceImplTest" name="testAdjustSalesRecord"/>
  <testcase time="0.007" classname="com.codetest.spring.service.SalesServiceImplTest" name="testGetNewValue_MULTIPLY"/>
  <testcase time="0.009" classname="com.codetest.spring.service.SalesServiceImplTest" name="testCreateSalesRecord"/>
  <testcase time="0.008" classname="com.codetest.spring.service.SalesServiceImplTest" name="testGetNewValue_SUBTRACT"/>
  <testcase time="0.004" classname="com.codetest.spring.service.SalesServiceImplTest" name="testGetNewValue_ADD"/>
  <testcase time="0.006" classname="com.codetest.spring.service.SalesServiceImplTest" name="testCreateSaleRecord"/>
  <testcase time="0.015" classname="com.codetest.spring.service.SalesServiceImplTest" name="testAdjustSalesRecord_SalesOrderProcessingIsPaused"/>
  <testcase time="0.005" classname="com.codetest.spring.service.SalesServiceImplTest" name="testCreateSaleRecord_SalesOrderProcessingIsPaused"/>
  <testcase time="0.006" classname="com.codetest.spring.service.SalesServiceImplTest" name="testCreateSalesRecord_SalesOrderProcessingIsPaused"/>
</testsuite>